Using pre-set license

 COMMAND LINE ARGUMENTS:
/Applications/Unity/Hub/Editor/2020.3.1f1/Unity.app/Contents/MacOS/Unity
-adb2
-batchMode
-noUpm
-name
AssetImportWorker0
-projectPath
/Users/VELEE/Documents/GitHub/Calypso/Calypso
-logFile
Logs/AssetImportWorker0.log
-srvPort
53919
Successfully changed project path to: /Users/VELEE/Documents/GitHub/Calypso/Calypso
/Users/VELEE/Documents/GitHub/Calypso/Calypso
Using Asset Import Pipeline V2.
Refreshing native plugins compatible for Editor in 67.28 ms, found 1 plugins.
Preloading 0 native plugins for Editor in 0.00 ms.
Initialize engine version: 2020.3.1f1 (77a89f25062f)
[Subsystems] Discovering subsystems at path /Applications/Unity/Hub/Editor/2020.3.1f1/Unity.app/Contents/Resources/UnitySubsystems
[Subsystems] Discovering subsystems at path /Users/VELEE/Documents/GitHub/Calypso/Calypso/Assets
GfxDevice: creating device client; threaded=0
2023-05-01 13:02:57.538 Unity[36468:898483] (null) preferred device: Apple M1 (high power)
2023-05-01 13:02:57.538 Unity[36468:898483] Metal devices available: 1
2023-05-01 13:02:57.538 Unity[36468:898483] 0: Apple M1 (high power)
2023-05-01 13:02:57.538 Unity[36468:898483] Using device Apple M1 (high power)
Initializing Metal device caps: Apple M1
Shader 'Universal Render Pipeline/Particles/Lit': fallback shader 'Universal Render Pipeline/Particles/SimpleLit' not found
Initialize mono
Mono path[0] = '/Applications/Unity/Hub/Editor/2020.3.1f1/Unity.app/Contents/Managed'
Mono path[1] = '/Applications/Unity/Hub/Editor/2020.3.1f1/Unity.app/Contents/MonoBleedingEdge/lib/mono/unityjit'
Mono config path = '/Applications/Unity/Hub/Editor/2020.3.1f1/Unity.app/Contents/MonoBleedingEdge/etc'
Using monoOptions --debugger-agent=transport=dt_socket,embedding=1,server=y,suspend=n,address=127.0.0.1:56468
Begin MonoManager ReloadAssembly
Registering precompiled unity dll's ...
Register platform support module: /Applications/Unity/Hub/Editor/2020.3.1f1/Unity.app/Contents/PlaybackEngines/MacStandaloneSupport/UnityEditor.OSXStandalone.Extensions.dll
Registered in 0.000857 seconds.
Native extension for OSXStandalone target not found
Refreshing native plugins compatible for Editor in 59.33 ms, found 1 plugins.
Preloading 0 native plugins for Editor in 0.00 ms.
Invoked RoslynAnalysisRunner static constructor.
RoslynAnalysisRunner will not be running.
RoslynAnalysisRunner has terminated.
Mono: successfully reloaded assembly
- Completed reload, in  1.672 seconds
Platform modules already initialized, skipping
Registering precompiled user dll's ...
Registered in 0.003456 seconds.
Begin MonoManager ReloadAssembly
Native extension for OSXStandalone target not found
Refreshing native plugins compatible for Editor in 60.89 ms, found 1 plugins.
Preloading 0 native plugins for Editor in 0.00 ms.
Invoked RoslynAnalysisRunner static constructor.
RoslynAnalysisRunner will not be running.
RoslynAnalysisRunner has terminated.
Mono: successfully reloaded assembly
- Completed reload, in  2.109 seconds
Platform modules already initialized, skipping
========================================================================
Worker process is ready to serve import requests
Shader 'Universal Render Pipeline/Particles/Lit': fallback shader 'Universal Render Pipeline/Particles/SimpleLit' not found
Launching external process: /Applications/Unity/Hub/Editor/2020.3.1f1/Unity.app/Contents/Tools/UnityShaderCompiler
Launched and connected shader compiler UnityShaderCompiler after 0.02 seconds
Refreshing native plugins compatible for Editor in 0.73 ms, found 1 plugins.
Preloading 0 native plugins for Editor in 0.00 ms.
Unloading 3507 Unused Serialized files (Serialized files now loaded: 0)
System memory in use before: 235.3 MB.
System memory in use after: 235.4 MB.

Unloading 29 unused Assets to reduce memory usage. Loaded Objects now: 3944.
Total: 2.024792 ms (FindLiveObjects: 0.272084 ms CreateObjectMapping: 0.098125 ms MarkObjects: 1.549125 ms  DeleteObjects: 0.104667 ms)

========================================================================
Received Import Request.
  path: Assets/ClosetDetection.cs
  artifactKey: Guid(10dd143ec22e84c3abf4f9a275f38911) Importer(815301076,1909f56bfc062723c751e8b465ee728b)
Start importing Assets/ClosetDetection.cs using Guid(10dd143ec22e84c3abf4f9a275f38911) Importer(815301076,1909f56bfc062723c751e8b465ee728b)  -> (artifact id: 'a2d0a73b91283edcfdb7a798089d0312') in 0.241402 seconds
  Import took 0.247228 seconds .

========================================================================
Received Prepare
Registering precompiled user dll's ...
Registered in 0.004521 seconds.
Begin MonoManager ReloadAssembly
Native extension for OSXStandalone target not found
Refreshing native plugins compatible for Editor in 0.86 ms, found 1 plugins.
Preloading 0 native plugins for Editor in 0.00 ms.
Invoked RoslynAnalysisRunner static constructor.
RoslynAnalysisRunner will not be running.
RoslynAnalysisRunner has terminated.
Mono: successfully reloaded assembly
- Completed reload, in  2.093 seconds
Platform modules already initialized, skipping
Shader 'Universal Render Pipeline/Particles/Lit': fallback shader 'Universal Render Pipeline/Particles/SimpleLit' not found
Refreshing native plugins compatible for Editor in 0.75 ms, found 1 plugins.
Preloading 0 native plugins for Editor in 0.00 ms.
Unloading 3346 Unused Serialized files (Serialized files now loaded: 0)
System memory in use before: 231.2 MB.
System memory in use after: 231.3 MB.

Unloading 23 unused Assets to reduce memory usage. Loaded Objects now: 3947.
Total: 2.006209 ms (FindLiveObjects: 0.267708 ms CreateObjectMapping: 0.076167 ms MarkObjects: 1.562833 ms  DeleteObjects: 0.098584 ms)

========================================================================
Received Import Request.
  Time since last request: 18.296577 seconds.
  path: Assets/_Course Library/Scripts/CollisionDetection.cs
  artifactKey: Guid(92197a9483dff4d469723f198b4e4dd0) Importer(815301076,1909f56bfc062723c751e8b465ee728b)
Start importing Assets/_Course Library/Scripts/CollisionDetection.cs using Guid(92197a9483dff4d469723f198b4e4dd0) Importer(815301076,1909f56bfc062723c751e8b465ee728b)  -> (artifact id: 'ab5652f8aa77ec7d326ab54181a29792') in 0.010333 seconds
  Import took 0.016469 seconds .

========================================================================
Received Import Request.
  Time since last request: 0.004347 seconds.
  path: Assets/_Course Library/Scripts/CollisionDetection.cs
  artifactKey: Guid(92197a9483dff4d469723f198b4e4dd0) Importer(815301076,1909f56bfc062723c751e8b465ee728b)
Start importing Assets/_Course Library/Scripts/CollisionDetection.cs using Guid(92197a9483dff4d469723f198b4e4dd0) Importer(815301076,1909f56bfc062723c751e8b465ee728b)  -> (artifact id: 'ab5652f8aa77ec7d326ab54181a29792') in 0.001000 seconds
  Import took 0.006411 seconds .

========================================================================
Received Prepare
Registering precompiled user dll's ...
Registered in 0.005252 seconds.
Begin MonoManager ReloadAssembly
Native extension for OSXStandalone target not found
Refreshing native plugins compatible for Editor in 0.89 ms, found 1 plugins.
Preloading 0 native plugins for Editor in 0.00 ms.
Invoked RoslynAnalysisRunner static constructor.
RoslynAnalysisRunner will not be running.
RoslynAnalysisRunner has terminated.
Mono: successfully reloaded assembly
- Completed reload, in  2.089 seconds
Platform modules already initialized, skipping
Shader 'Universal Render Pipeline/Particles/Lit': fallback shader 'Universal Render Pipeline/Particles/SimpleLit' not found
Refreshing native plugins compatible for Editor in 0.78 ms, found 1 plugins.
Preloading 0 native plugins for Editor in 0.00 ms.
Unloading 3345 Unused Serialized files (Serialized files now loaded: 0)
System memory in use before: 231.8 MB.
System memory in use after: 232.0 MB.

Unloading 23 unused Assets to reduce memory usage. Loaded Objects now: 3950.
Total: 2.108750 ms (FindLiveObjects: 0.317250 ms CreateObjectMapping: 0.083167 ms MarkObjects: 1.623125 ms  DeleteObjects: 0.084084 ms)

========================================================================
Received Prepare
Registering precompiled user dll's ...
Registered in 0.005122 seconds.
Begin MonoManager ReloadAssembly
Native extension for OSXStandalone target not found
Refreshing native plugins compatible for Editor in 0.82 ms, found 1 plugins.
Preloading 0 native plugins for Editor in 0.00 ms.
Invoked RoslynAnalysisRunner static constructor.
RoslynAnalysisRunner will not be running.
RoslynAnalysisRunner has terminated.
Mono: successfully reloaded assembly
- Completed reload, in  2.076 seconds
Platform modules already initialized, skipping
Shader 'Universal Render Pipeline/Particles/Lit': fallback shader 'Universal Render Pipeline/Particles/SimpleLit' not found
Refreshing native plugins compatible for Editor in 0.76 ms, found 1 plugins.
Preloading 0 native plugins for Editor in 0.00 ms.
Unloading 3345 Unused Serialized files (Serialized files now loaded: 0)
System memory in use before: 232.5 MB.
System memory in use after: 232.7 MB.

Unloading 22 unused Assets to reduce memory usage. Loaded Objects now: 3954.
Total: 2.029000 ms (FindLiveObjects: 0.298584 ms CreateObjectMapping: 0.077541 ms MarkObjects: 1.567000 ms  DeleteObjects: 0.084750 ms)

========================================================================
Received Prepare
Registering precompiled user dll's ...
Registered in 0.005664 seconds.
Begin MonoManager ReloadAssembly
Native extension for OSXStandalone target not found
Refreshing native plugins compatible for Editor in 0.80 ms, found 1 plugins.
Preloading 0 native plugins for Editor in 0.00 ms.
Invoked RoslynAnalysisRunner static constructor.
RoslynAnalysisRunner will not be running.
RoslynAnalysisRunner has terminated.
Mono: successfully reloaded assembly
- Completed reload, in  2.156 seconds
Platform modules already initialized, skipping
Shader 'Universal Render Pipeline/Particles/Lit': fallback shader 'Universal Render Pipeline/Particles/SimpleLit' not found
Refreshing native plugins compatible for Editor in 0.78 ms, found 1 plugins.
Preloading 0 native plugins for Editor in 0.00 ms.
Unloading 3346 Unused Serialized files (Serialized files now loaded: 0)
System memory in use before: 233.2 MB.
System memory in use after: 233.4 MB.

Unloading 22 unused Assets to reduce memory usage. Loaded Objects now: 3959.
Total: 3.767375 ms (FindLiveObjects: 0.253166 ms CreateObjectMapping: 0.077250 ms MarkObjects: 3.343625 ms  DeleteObjects: 0.092334 ms)

========================================================================
Received Prepare
Registering precompiled user dll's ...
Registered in 0.006132 seconds.
Begin MonoManager ReloadAssembly
Native extension for OSXStandalone target not found
Refreshing native plugins compatible for Editor in 0.86 ms, found 1 plugins.
Preloading 0 native plugins for Editor in 0.00 ms.
Invoked RoslynAnalysisRunner static constructor.
RoslynAnalysisRunner will not be running.
RoslynAnalysisRunner has terminated.
Mono: successfully reloaded assembly
- Completed reload, in  2.157 seconds
Platform modules already initialized, skipping
Shader 'Universal Render Pipeline/Particles/Lit': fallback shader 'Universal Render Pipeline/Particles/SimpleLit' not found
Refreshing native plugins compatible for Editor in 0.79 ms, found 1 plugins.
Preloading 0 native plugins for Editor in 0.00 ms.
Unloading 3346 Unused Serialized files (Serialized files now loaded: 0)
System memory in use before: 233.9 MB.
System memory in use after: 234.1 MB.

Unloading 22 unused Assets to reduce memory usage. Loaded Objects now: 3963.
Total: 2.201875 ms (FindLiveObjects: 0.299667 ms CreateObjectMapping: 0.080916 ms MarkObjects: 1.707792 ms  DeleteObjects: 0.112125 ms)

========================================================================
Received Prepare
Registering precompiled user dll's ...
Registered in 0.005293 seconds.
Begin MonoManager ReloadAssembly
Native extension for OSXStandalone target not found
Refreshing native plugins compatible for Editor in 0.93 ms, found 1 plugins.
Preloading 0 native plugins for Editor in 0.00 ms.
Invoked RoslynAnalysisRunner static constructor.
RoslynAnalysisRunner will not be running.
RoslynAnalysisRunner has terminated.
Mono: successfully reloaded assembly
- Completed reload, in  2.015 seconds
Platform modules already initialized, skipping
Shader 'Universal Render Pipeline/Particles/Lit': fallback shader 'Universal Render Pipeline/Particles/SimpleLit' not found
Refreshing native plugins compatible for Editor in 0.76 ms, found 1 plugins.
Preloading 0 native plugins for Editor in 0.00 ms.
Unloading 3346 Unused Serialized files (Serialized files now loaded: 0)
System memory in use before: 234.6 MB.
System memory in use after: 234.8 MB.

Unloading 22 unused Assets to reduce memory usage. Loaded Objects now: 3967.
Total: 2.029667 ms (FindLiveObjects: 0.248375 ms CreateObjectMapping: 0.083542 ms MarkObjects: 1.611416 ms  DeleteObjects: 0.085125 ms)

