Using pre-set license

 COMMAND LINE ARGUMENTS:
/Applications/Unity/Hub/Editor/2020.3.1f1/Unity.app/Contents/MacOS/Unity
-adb2
-batchMode
-noUpm
-name
AssetImportWorker0
-projectPath
/Users/VELEE/Documents/GitHub/Calypso/Calypso Horror Game/Calypso
-logFile
Logs/AssetImportWorker0.log
-srvPort
52923
Successfully changed project path to: /Users/VELEE/Documents/GitHub/Calypso/Calypso Horror Game/Calypso
Could not lock editor preferences. Preferences updates for this instance of Unity will not be saved./Users/VELEE/Documents/GitHub/Calypso/Calypso Horror Game/Calypso
Using Asset Import Pipeline V2.
Refreshing native plugins compatible for Editor in 111.57 ms, found 1 plugins.
Preloading 0 native plugins for Editor in 0.00 ms.
Initialize engine version: 2020.3.1f1 (77a89f25062f)
[Subsystems] Discovering subsystems at path /Applications/Unity/Hub/Editor/2020.3.1f1/Unity.app/Contents/Resources/UnitySubsystems
[Subsystems] Discovering subsystems at path /Users/VELEE/Documents/GitHub/Calypso/Calypso Horror Game/Calypso/Assets
GfxDevice: creating device client; threaded=0
2023-03-07 12:04:09.542 Unity[23182:487791] (null) preferred device: Apple M1 (high power)
2023-03-07 12:04:09.542 Unity[23182:487791] Metal devices available: 1
2023-03-07 12:04:09.542 Unity[23182:487791] 0: Apple M1 (high power)
2023-03-07 12:04:09.542 Unity[23182:487791] Using device Apple M1 (high power)
Initializing Metal device caps: Apple M1
Shader 'Universal Render Pipeline/Particles/Lit': fallback shader 'Universal Render Pipeline/Particles/SimpleLit' not found
Initialize mono
Mono path[0] = '/Applications/Unity/Hub/Editor/2020.3.1f1/Unity.app/Contents/Managed'
Mono path[1] = '/Applications/Unity/Hub/Editor/2020.3.1f1/Unity.app/Contents/MonoBleedingEdge/lib/mono/unityjit'
Mono config path = '/Applications/Unity/Hub/Editor/2020.3.1f1/Unity.app/Contents/MonoBleedingEdge/etc'
Using monoOptions --debugger-agent=transport=dt_socket,embedding=1,server=y,suspend=n,address=127.0.0.1:56182
Begin MonoManager ReloadAssembly
Registering precompiled unity dll's ...
Register platform support module: /Applications/Unity/Hub/Editor/2020.3.1f1/Unity.app/Contents/PlaybackEngines/MacStandaloneSupport/UnityEditor.OSXStandalone.Extensions.dll
Registered in 0.001106 seconds.
Native extension for OSXStandalone target not found
Refreshing native plugins compatible for Editor in 59.37 ms, found 1 plugins.
Preloading 0 native plugins for Editor in 0.00 ms.
Invoked RoslynAnalysisRunner static constructor.
RoslynAnalysisRunner will not be running.
RoslynAnalysisRunner has terminated.
Mono: successfully reloaded assembly
- Completed reload, in  1.606 seconds
Platform modules already initialized, skipping
Registering precompiled user dll's ...
Registered in 0.003077 seconds.
Begin MonoManager ReloadAssembly
Native extension for OSXStandalone target not found
Refreshing native plugins compatible for Editor in 61.78 ms, found 1 plugins.
Preloading 0 native plugins for Editor in 0.00 ms.
Invoked RoslynAnalysisRunner static constructor.
RoslynAnalysisRunner will not be running.
RoslynAnalysisRunner has terminated.
Mono: successfully reloaded assembly
- Completed reload, in  2.167 seconds
Platform modules already initialized, skipping
========================================================================
Worker process is ready to serve import requests
Shader 'Universal Render Pipeline/Particles/Lit': fallback shader 'Universal Render Pipeline/Particles/SimpleLit' not found
Launching external process: /Applications/Unity/Hub/Editor/2020.3.1f1/Unity.app/Contents/Tools/UnityShaderCompiler
Launched and connected shader compiler UnityShaderCompiler after 0.10 seconds
Refreshing native plugins compatible for Editor in 0.75 ms, found 1 plugins.
Preloading 0 native plugins for Editor in 0.00 ms.
Unloading 3502 Unused Serialized files (Serialized files now loaded: 0)
System memory in use before: 233.3 MB.
System memory in use after: 233.4 MB.

Unloading 29 unused Assets to reduce memory usage. Loaded Objects now: 3938.
Total: 2.124083 ms (FindLiveObjects: 0.271583 ms CreateObjectMapping: 0.164541 ms MarkObjects: 1.588209 ms  DeleteObjects: 0.099125 ms)

========================================================================
Received Import Request.
  path: Assets/_Course Library/Fonts
  artifactKey: Guid(483dd2c907ed94caf92596567e372478) Importer(815301076,1909f56bfc062723c751e8b465ee728b)
Start importing Assets/_Course Library/Fonts using Guid(483dd2c907ed94caf92596567e372478) Importer(815301076,1909f56bfc062723c751e8b465ee728b)  -> (artifact id: 'e27fbca0c09f2f46ab74cf43250535b8') in 0.010254 seconds
  Import took 0.016106 seconds .

========================================================================
Received Import Request.
  Time since last request: 835.440969 seconds.
  path: Assets/_Course Library/Scripts/New Folder/PlayerHealth.cs
  artifactKey: Guid(185bcc160f7ca428d9b55b84d6d12a83) Importer(815301076,1909f56bfc062723c751e8b465ee728b)
Start importing Assets/_Course Library/Scripts/New Folder/PlayerHealth.cs using Guid(185bcc160f7ca428d9b55b84d6d12a83) Importer(815301076,1909f56bfc062723c751e8b465ee728b)  -> (artifact id: '5538194e68be75e109228ab3e1d0163b') in 0.330968 seconds
  Import took 0.370150 seconds .

========================================================================
Received Import Request.
  Time since last request: 79.967520 seconds.
  path: Assets/_Course Library/Scripts/New Folder/PlayerHealth.cs
  artifactKey: Guid(185bcc160f7ca428d9b55b84d6d12a83) Importer(815301076,1909f56bfc062723c751e8b465ee728b)
Start importing Assets/_Course Library/Scripts/New Folder/PlayerHealth.cs using Guid(185bcc160f7ca428d9b55b84d6d12a83) Importer(815301076,1909f56bfc062723c751e8b465ee728b)  -> (artifact id: 'ab74784b95e96bc144032668ef5d83b4') in 0.011640 seconds
  Import took 0.027290 seconds .

========================================================================
Received Import Request.
  Time since last request: 124.008526 seconds.
  path: Assets/_Course Library/Scripts/New Folder/PlayerHealth.cs
  artifactKey: Guid(185bcc160f7ca428d9b55b84d6d12a83) Importer(815301076,1909f56bfc062723c751e8b465ee728b)
Start importing Assets/_Course Library/Scripts/New Folder/PlayerHealth.cs using Guid(185bcc160f7ca428d9b55b84d6d12a83) Importer(815301076,1909f56bfc062723c751e8b465ee728b)  -> (artifact id: '437c4fb58e88d3dbaa3101b1d74e352a') in 0.002208 seconds
  Import took 0.017180 seconds .

========================================================================
Received Import Request.
  Time since last request: 73.856169 seconds.
  path: Assets/_Course Library/Scripts/New Folder/PlayerHealth.cs
  artifactKey: Guid(185bcc160f7ca428d9b55b84d6d12a83) Importer(815301076,1909f56bfc062723c751e8b465ee728b)
Start importing Assets/_Course Library/Scripts/New Folder/PlayerHealth.cs using Guid(185bcc160f7ca428d9b55b84d6d12a83) Importer(815301076,1909f56bfc062723c751e8b465ee728b)  -> (artifact id: 'f2826b3ca7f6d1779318d797208a4a23') in 0.005091 seconds
  Import took 0.011605 seconds .

========================================================================
Received Import Request.
  Time since last request: 39.273650 seconds.
  path: Assets/_Course Library/Scripts/New Folder/PlayerHealth.cs
  artifactKey: Guid(185bcc160f7ca428d9b55b84d6d12a83) Importer(815301076,1909f56bfc062723c751e8b465ee728b)
Start importing Assets/_Course Library/Scripts/New Folder/PlayerHealth.cs using Guid(185bcc160f7ca428d9b55b84d6d12a83) Importer(815301076,1909f56bfc062723c751e8b465ee728b)  -> (artifact id: 'e707ae92d25cab704debe94dc9e91c49') in 0.011046 seconds
  Import took 0.017955 seconds .

========================================================================
Received Import Request.
  Time since last request: 20.132337 seconds.
  path: Assets/_Course Library/Scripts/New Folder/PlayerHealth.cs
  artifactKey: Guid(185bcc160f7ca428d9b55b84d6d12a83) Importer(815301076,1909f56bfc062723c751e8b465ee728b)
Start importing Assets/_Course Library/Scripts/New Folder/PlayerHealth.cs using Guid(185bcc160f7ca428d9b55b84d6d12a83) Importer(815301076,1909f56bfc062723c751e8b465ee728b)  -> (artifact id: 'b3c12135f3feeee3431daa38c3dbbda9') in 0.001731 seconds
  Import took 0.010503 seconds .

========================================================================
Received Import Request.
  Time since last request: 160.496135 seconds.
  path: Assets/_Course Library/Scripts/New Folder/PlayerHealth.cs
  artifactKey: Guid(185bcc160f7ca428d9b55b84d6d12a83) Importer(815301076,1909f56bfc062723c751e8b465ee728b)
Start importing Assets/_Course Library/Scripts/New Folder/PlayerHealth.cs using Guid(185bcc160f7ca428d9b55b84d6d12a83) Importer(815301076,1909f56bfc062723c751e8b465ee728b)  -> (artifact id: 'f933006f43ed1696e99e32ae3dbaa722') in 0.007927 seconds
  Import took 0.053280 seconds .

========================================================================
Received Import Request.
  Time since last request: 77.029375 seconds.
  path: Assets/_Course Library/Scripts/New Folder/PlayerHealth.cs
  artifactKey: Guid(185bcc160f7ca428d9b55b84d6d12a83) Importer(815301076,1909f56bfc062723c751e8b465ee728b)
Start importing Assets/_Course Library/Scripts/New Folder/PlayerHealth.cs using Guid(185bcc160f7ca428d9b55b84d6d12a83) Importer(815301076,1909f56bfc062723c751e8b465ee728b)  -> (artifact id: 'a6c9819aa3d672a448c80cec9ccc478d') in 0.001788 seconds
  Import took 0.009171 seconds .

========================================================================
Received Import Request.
  Time since last request: 18.387837 seconds.
  path: Assets/_Course Library/Scripts/New Folder/PlayerHealth.cs
  artifactKey: Guid(185bcc160f7ca428d9b55b84d6d12a83) Importer(815301076,1909f56bfc062723c751e8b465ee728b)
Start importing Assets/_Course Library/Scripts/New Folder/PlayerHealth.cs using Guid(185bcc160f7ca428d9b55b84d6d12a83) Importer(815301076,1909f56bfc062723c751e8b465ee728b)  -> (artifact id: 'b63b56bf4648572ba2a972acb9aefb54') in 0.001396 seconds
  Import took 0.007653 seconds .

========================================================================
Received Import Request.
  Time since last request: 0.007252 seconds.
  path: Assets/_Course Library/Scripts/New Folder/PlayerHealth.cs
  artifactKey: Guid(185bcc160f7ca428d9b55b84d6d12a83) Importer(815301076,1909f56bfc062723c751e8b465ee728b)
Start importing Assets/_Course Library/Scripts/New Folder/PlayerHealth.cs using Guid(185bcc160f7ca428d9b55b84d6d12a83) Importer(815301076,1909f56bfc062723c751e8b465ee728b)  -> (artifact id: 'b63b56bf4648572ba2a972acb9aefb54') in 0.001037 seconds
  Import took 0.006433 seconds .

========================================================================
Received Prepare
Registering precompiled user dll's ...
Registered in 0.007004 seconds.
Begin MonoManager ReloadAssembly
Native extension for OSXStandalone target not found
Refreshing native plugins compatible for Editor in 0.88 ms, found 1 plugins.
Preloading 0 native plugins for Editor in 0.00 ms.
Invoked RoslynAnalysisRunner static constructor.
RoslynAnalysisRunner will not be running.
RoslynAnalysisRunner has terminated.
Mono: successfully reloaded assembly
- Completed reload, in  2.037 seconds
Platform modules already initialized, skipping
Shader 'Universal Render Pipeline/Particles/Lit': fallback shader 'Universal Render Pipeline/Particles/SimpleLit' not found
Refreshing native plugins compatible for Editor in 0.75 ms, found 1 plugins.
Preloading 0 native plugins for Editor in 0.00 ms.
Unloading 3343 Unused Serialized files (Serialized files now loaded: 0)
System memory in use before: 229.2 MB.
System memory in use after: 229.4 MB.

Unloading 22 unused Assets to reduce memory usage. Loaded Objects now: 3942.
Total: 1.936292 ms (FindLiveObjects: 0.243292 ms CreateObjectMapping: 0.079083 ms MarkObjects: 1.522167 ms  DeleteObjects: 0.091000 ms)

========================================================================
Received Import Request.
  Time since last request: 43.976743 seconds.
  path: Assets/_Course Library/Scripts/New Folder/PlayerHealth.cs
  artifactKey: Guid(185bcc160f7ca428d9b55b84d6d12a83) Importer(815301076,1909f56bfc062723c751e8b465ee728b)
Start importing Assets/_Course Library/Scripts/New Folder/PlayerHealth.cs using Guid(185bcc160f7ca428d9b55b84d6d12a83) Importer(815301076,1909f56bfc062723c751e8b465ee728b)  -> (artifact id: 'd4e2b581b4e7a47aa99cc8aaa55b2f09') in 0.008575 seconds
  Import took 0.013385 seconds .

========================================================================
Received Prepare
Registering precompiled user dll's ...
Registered in 0.007471 seconds.
Begin MonoManager ReloadAssembly
Native extension for OSXStandalone target not found
Refreshing native plugins compatible for Editor in 0.75 ms, found 1 plugins.
Preloading 0 native plugins for Editor in 0.00 ms.
Invoked RoslynAnalysisRunner static constructor.
RoslynAnalysisRunner will not be running.
RoslynAnalysisRunner has terminated.
Mono: successfully reloaded assembly
- Completed reload, in  1.994 seconds
Platform modules already initialized, skipping
Shader 'Universal Render Pipeline/Particles/Lit': fallback shader 'Universal Render Pipeline/Particles/SimpleLit' not found
Refreshing native plugins compatible for Editor in 0.75 ms, found 1 plugins.
Preloading 0 native plugins for Editor in 0.00 ms.
Unloading 3343 Unused Serialized files (Serialized files now loaded: 0)
System memory in use before: 229.8 MB.
System memory in use after: 230.0 MB.

Unloading 22 unused Assets to reduce memory usage. Loaded Objects now: 3946.
Total: 1.897959 ms (FindLiveObjects: 0.273916 ms CreateObjectMapping: 0.075542 ms MarkObjects: 1.456166 ms  DeleteObjects: 0.091292 ms)

